# JRE version: OpenJDK Runtime Environment (11.0.11+9) (build 11.0.11+9-b60-7590822)
# Java VM: OpenJDK 64-Bit Server VM (11.0.11+9-b60-7590822, mixed mode, tiered, compressed oops, g1 gc, windows-amd64)
Heap:
 garbage-first heap   total 126976K, used 48436K [0x0000000080000000, 0x0000000100000000)
  region size 1024K, 33 young (33792K), 4 survivors (4096K)
 Metaspace       used 28242K, capacity 28868K, committed 29104K, reserved 1075200K
  class space    used 3744K, capacity 3976K, committed 4096K, reserved 1048576K
GC Heap History (12 events):
Event: 3.044 GC heap before
{Heap before GC invocations=0 (full 0):
 garbage-first heap   total 126976K, used 19456K [0x0000000080000000, 0x0000000100000000)
  region size 1024K, 14 young (14336K), 0 survivors (0K)
 Metaspace       used 6764K, capacity 6937K, committed 7168K, reserved 1056768K
  class space    used 584K, capacity 650K, committed 768K, reserved 1048576K
}
Event: 3.067 GC heap after
{Heap after GC invocations=1 (full 0):
 garbage-first heap   total 126976K, used 7884K [0x0000000080000000, 0x0000000100000000)
  region size 1024K, 2 young (2048K), 2 survivors (2048K)
 Metaspace       used 6764K, capacity 6937K, committed 7168K, reserved 1056768K
  class space    used 584K, capacity 650K, committed 768K, reserved 1048576K
}
Event: 4.643 GC heap before
{Heap before GC invocations=1 (full 0):
 garbage-first heap   total 126976K, used 19148K [0x0000000080000000, 0x0000000100000000)
  region size 1024K, 13 young (13312K), 2 survivors (2048K)
 Metaspace       used 10305K, capacity 10565K, committed 10624K, reserved 1058816K
  class space    used 1073K, capacity 1139K, committed 1152K, reserved 1048576K
}
Event: 4.654 GC heap after
{Heap after GC invocations=2 (full 0):
 garbage-first heap   total 126976K, used 9673K [0x0000000080000000, 0x0000000100000000)
  region size 1024K, 2 young (2048K), 2 survivors (2048K)
 Metaspace       used 10305K, capacity 10565K, committed 10624K, reserved 1058816K
  class space    used 1073K, capacity 1139K, committed 1152K, reserved 1048576K
}
Event: 7.366 GC heap before
{Heap before GC invocations=2 (full 0):
 garbage-first heap   total 126976K, used 33225K [0x0000000080000000, 0x0000000100000000)
  region size 1024K, 26 young (26624K), 2 survivors (2048K)
 Metaspace       used 11238K, capacity 11520K, committed 11776K, reserved 1060864K
  class space    used 1176K, capacity 1244K, committed 1280K, reserved 1048576K
}
Event: 7.375 GC heap after
{Heap after GC invocations=3 (full 0):
 garbage-first heap   total 126976K, used 10507K [0x0000000080000000, 0x0000000100000000)
  region size 1024K, 3 young (3072K), 3 survivors (3072K)
 Metaspace       used 11238K, capacity 11520K, committed 11776K, reserved 1060864K
  class space    used 1176K, capacity 1244K, committed 1280K, reserved 1048576K
}
Event: 11.317 GC heap before
{Heap before GC invocations=3 (full 0):
 garbage-first heap   total 126976K, used 47371K [0x0000000080000000, 0x0000000100000000)
  region size 1024K, 39 young (39936K), 3 survivors (3072K)
 Metaspace       used 16390K, capacity 16788K, committed 16896K, reserved 1064960K
  class space    used 1880K, capacity 2002K, committed 2048K, reserved 1048576K
}
Event: 11.341 GC heap after
{Heap after GC invocations=4 (full 0):
 garbage-first heap   total 126976K, used 16043K [0x0000000080000000, 0x0000000100000000)
  region size 1024K, 5 young (5120K), 5 survivors (5120K)
 Metaspace       used 16390K, capacity 16788K, committed 16896K, reserved 1064960K
  class space    used 1880K, capacity 2002K, committed 2048K, reserved 1048576K
}
Event: 13.034 GC heap before
{Heap before GC invocations=4 (full 0):
 garbage-first heap   total 126976K, used 51883K [0x0000000080000000, 0x0000000100000000)
  region size 1024K, 41 young (41984K), 5 survivors (5120K)
 Metaspace       used 20705K, capacity 21180K, committed 21296K, reserved 1069056K
  class space    used 2535K, capacity 2660K, committed 2688K, reserved 1048576K
}
Event: 13.050 GC heap after
{Heap after GC invocations=5 (full 0):
 garbage-first heap   total 126976K, used 17883K [0x0000000080000000, 0x0000000100000000)
  region size 1024K, 2 young (2048K), 2 survivors (2048K)
 Metaspace       used 20705K, capacity 21180K, committed 21296K, reserved 1069056K
  class space    used 2535K, capacity 2660K, committed 2688K, reserved 1048576K
}
Event: 15.249 GC heap before
{Heap before GC invocations=6 (full 0):
 garbage-first heap   total 126976K, used 67035K [0x0000000080000000, 0x0000000100000000)
  region size 1024K, 50 young (51200K), 2 survivors (2048K)
 Metaspace       used 25803K, capacity 26409K, committed 26544K, reserved 1073152K
  class space    used 3365K, capacity 3580K, committed 3584K, reserved 1048576K
}
Event: 15.266 GC heap after
{Heap after GC invocations=7 (full 0):
 garbage-first heap   total 126976K, used 19764K [0x0000000080000000, 0x0000000100000000)
  region size 1024K, 4 young (4096K), 4 survivors (4096K)
 Metaspace       used 25803K, capacity 26409K, committed 26544K, reserved 1073152K
  class space    used 3365K, capacity 3580K, committed 3584K, reserved 1048576K
}

